<?xml version="1.0" encoding="UTF-8"?>
<testsuite xmlns:xsi="http://www.w3.org/2001/XMLSchema-instance" xsi:noNamespaceSchemaLocation="https://maven.apache.org/surefire/maven-surefire-plugin/xsd/surefire-test-report.xsd" name="org.example.AppTest" time="0.023" tests="3" errors="0" skipped="0" failures="0">
  <properties>
    <property name="gopherProxySet" value="false"/>
    <property name="awt.toolkit" value="sun.lwawt.macosx.LWCToolkit"/>
    <property name="file.encoding.pkg" value="sun.io"/>
    <property name="java.specification.version" value="1.8"/>
    <property name="sun.cpu.isalist" value=""/>
    <property name="sun.jnu.encoding" value="UTF-8"/>
    <property name="java.class.path" value="/Volumes/Antoine/Epsi/I1/Atelier Autour Des Tests/Projet/TestUnitairesProject/target/test-classes:/Volumes/Antoine/Epsi/I1/Atelier Autour Des Tests/Projet/TestUnitairesProject/target/classes:/Users/padeantoine/.m2/repository/junit/junit/4.11/junit-4.11.jar:/Users/padeantoine/.m2/repository/org/hamcrest/hamcrest-core/1.3/hamcrest-core-1.3.jar:"/>
    <property name="java.vm.vendor" value="Amazon.com Inc."/>
    <property name="sun.arch.data.model" value="64"/>
    <property name="java.vendor.url" value="https://aws.amazon.com/corretto/"/>
    <property name="user.timezone" value=""/>
    <property name="java.vm.specification.version" value="1.8"/>
    <property name="os.name" value="Mac OS X"/>
    <property name="user.country" value="FR"/>
    <property name="sun.java.launcher" value="SUN_STANDARD"/>
    <property name="sun.boot.library.path" value="/Users/padeantoine/Library/Java/JavaVirtualMachines/corretto-1.8.0_302/Contents/Home/jre/lib"/>
    <property name="sun.java.command" value="/Volumes/Antoine/Epsi/I1/Atelier Autour Des Tests/Projet/TestUnitairesProject/target/surefire/surefirebooter8414955155211041366.jar /Volumes/Antoine/Epsi/I1/Atelier Autour Des Tests/Projet/TestUnitairesProject/target/surefire 2022-02-24T11-16-50_832-jvmRun1 surefire3983845324423240142tmp surefire_07773097036763841557tmp"/>
    <property name="http.nonProxyHosts" value="local|*.local|169.254/16|*.169.254/16"/>
    <property name="surefire.test.class.path" value="/Volumes/Antoine/Epsi/I1/Atelier Autour Des Tests/Projet/TestUnitairesProject/target/test-classes:/Volumes/Antoine/Epsi/I1/Atelier Autour Des Tests/Projet/TestUnitairesProject/target/classes:/Users/padeantoine/.m2/repository/junit/junit/4.11/junit-4.11.jar:/Users/padeantoine/.m2/repository/org/hamcrest/hamcrest-core/1.3/hamcrest-core-1.3.jar:"/>
    <property name="sun.cpu.endian" value="little"/>
    <property name="user.home" value="/Users/padeantoine"/>
    <property name="user.language" value="fr"/>
    <property name="java.specification.vendor" value="Oracle Corporation"/>
    <property name="java.home" value="/Users/padeantoine/Library/Java/JavaVirtualMachines/corretto-1.8.0_302/Contents/Home/jre"/>
    <property name="basedir" value="/Volumes/Antoine/Epsi/I1/Atelier Autour Des Tests/Projet/TestUnitairesProject"/>
    <property name="file.separator" value="/"/>
    <property name="line.separator" value="&#10;"/>
    <property name="java.vm.specification.vendor" value="Oracle Corporation"/>
    <property name="java.specification.name" value="Java Platform API Specification"/>
    <property name="java.awt.graphicsenv" value="sun.awt.CGraphicsEnvironment"/>
    <property name="surefire.real.class.path" value="/Volumes/Antoine/Epsi/I1/Atelier Autour Des Tests/Projet/TestUnitairesProject/target/surefire/surefirebooter8414955155211041366.jar"/>
    <property name="sun.boot.class.path" value="/Users/padeantoine/Library/Java/JavaVirtualMachines/corretto-1.8.0_302/Contents/Home/jre/lib/resources.jar:/Users/padeantoine/Library/Java/JavaVirtualMachines/corretto-1.8.0_302/Contents/Home/jre/lib/rt.jar:/Users/padeantoine/Library/Java/JavaVirtualMachines/corretto-1.8.0_302/Contents/Home/jre/lib/sunrsasign.jar:/Users/padeantoine/Library/Java/JavaVirtualMachines/corretto-1.8.0_302/Contents/Home/jre/lib/jsse.jar:/Users/padeantoine/Library/Java/JavaVirtualMachines/corretto-1.8.0_302/Contents/Home/jre/lib/jce.jar:/Users/padeantoine/Library/Java/JavaVirtualMachines/corretto-1.8.0_302/Contents/Home/jre/lib/charsets.jar:/Users/padeantoine/Library/Java/JavaVirtualMachines/corretto-1.8.0_302/Contents/Home/jre/lib/jfr.jar:/Users/padeantoine/Library/Java/JavaVirtualMachines/corretto-1.8.0_302/Contents/Home/jre/classes"/>
    <property name="sun.management.compiler" value="HotSpot 64-Bit Tiered Compilers"/>
    <property name="ftp.nonProxyHosts" value="local|*.local|169.254/16|*.169.254/16"/>
    <property name="java.runtime.version" value="1.8.0_302-b08"/>
    <property name="user.name" value="padeantoine"/>
    <property name="path.separator" value=":"/>
    <property name="os.version" value="12.2"/>
    <property name="java.endorsed.dirs" value="/Users/padeantoine/Library/Java/JavaVirtualMachines/corretto-1.8.0_302/Contents/Home/jre/lib/endorsed"/>
    <property name="java.runtime.name" value="OpenJDK Runtime Environment"/>
    <property name="file.encoding" value="UTF-8"/>
    <property name="java.vm.name" value="OpenJDK 64-Bit Server VM"/>
    <property name="localRepository" value="/Users/padeantoine/.m2/repository"/>
    <property name="java.vendor.url.bug" value="https://github.com/corretto/corretto-8/issues/"/>
    <property name="java.io.tmpdir" value="/var/folders/hh/tqj7bh3n2q1bbngy0pl4bw340000gn/T/"/>
    <property name="idea.version" value="2021.3.2"/>
    <property name="java.version" value="1.8.0_302"/>
    <property name="user.dir" value="/Volumes/Antoine/Epsi/I1/Atelier Autour Des Tests/Projet/TestUnitairesProject"/>
    <property name="os.arch" value="x86_64"/>
    <property name="java.vm.specification.name" value="Java Virtual Machine Specification"/>
    <property name="java.awt.printerjob" value="sun.lwawt.macosx.CPrinterJob"/>
    <property name="sun.os.patch.level" value="unknown"/>
    <property name="java.library.path" value="/Users/padeantoine/Library/Java/Extensions:/Library/Java/Extensions:/Network/Library/Java/Extensions:/System/Library/Java/Extensions:/usr/lib/java:."/>
    <property name="java.vm.info" value="mixed mode"/>
    <property name="java.vendor" value="Amazon.com Inc."/>
    <property name="java.vm.version" value="25.302-b08"/>
    <property name="java.ext.dirs" value="/Users/padeantoine/Library/Java/Extensions:/Users/padeantoine/Library/Java/JavaVirtualMachines/corretto-1.8.0_302/Contents/Home/jre/lib/ext:/Library/Java/Extensions:/Network/Library/Java/Extensions:/System/Library/Java/Extensions:/usr/lib/java"/>
    <property name="sun.io.unicode.encoding" value="UnicodeBig"/>
    <property name="java.class.version" value="52.0"/>
    <property name="socksNonProxyHosts" value="local|*.local|169.254/16|*.169.254/16"/>
  </properties>
  <testcase name="testDoFizzBuzz_NumberDivisibleBy5_ShouldReturnBuzz" classname="org.example.AppTest" time="0.002"/>
  <testcase name="shouldAnswerWithTrue" classname="org.example.AppTest" time="0"/>
  <testcase name="testDoFizzBuzz_NumberDivisibleBy3_ShouldReturnFizz" classname="org.example.AppTest" time="0"/>
</testsuite>